<?xml version="1.0" encoding="utf-8"?><testsuites name="pytest tests"><testsuite name="pytest" errors="0" failures="0" skipped="0" tests="13" time="6.041" timestamp="2026-06-07T17:23:42.936219+00:00" hostname="agent-env-714d0ff5-a5e1-492b-b6d3-dcdd77efdaf7"><testcase classname="tests.test_admin_reset_password.TestAdminLogin" name="test_login_with_current_password" time="0.627" /><testcase classname="tests.test_admin_reset_password.TestAdminLogin" name="test_login_with_wrong_password" time="0.453" /><testcase classname="tests.test_admin_reset_password.TestForgotPassword" name="test_forgot_password_with_admin_email" time="0.179" /><testcase classname="tests.test_admin_reset_password.TestForgotPassword" name="test_forgot_password_with_unknown_email_still_200" time="0.136" /><testcase classname="tests.test_admin_reset_password.TestForgotPassword" name="test_forgot_password_rate_limited" time="0.848" /><testcase classname="tests.test_admin_reset_password.TestResetTokenLifecycle" name="test_invalid_token_get_returns_400" time="0.128" /><testcase classname="tests.test_admin_reset_password.TestResetTokenLifecycle" name="test_valid_token_get_validates_then_consume_then_reused_fails" time="2.004" /><testcase classname="tests.test_admin_reset_password.TestAdminProtectedRegression" name="test_admin_leads" time="0.156" /><testcase classname="tests.test_admin_reset_password.TestAdminProtectedRegression" name="test_admin_posts" time="0.143" /><testcase classname="tests.test_admin_reset_password.TestAdminProtectedRegression" name="test_admin_case_studies" time="0.129" /><testcase classname="tests.test_admin_reset_password.TestAdminProtectedRegression" name="test_admin_invoices" time="0.167" /><testcase classname="tests.test_admin_reset_password.TestAdminProtectedRegression" name="test_admin_stats" time="0.134" /><testcase classname="tests.test_admin_reset_password.TestPublicLeadRegression" name="test_create_lead" time="0.471" /></testsuite></testsuites>