<?xml version="1.0" encoding="utf-8"?><testsuites name="pytest tests"><testsuite name="pytest" errors="0" failures="0" skipped="0" tests="4" time="3.114" timestamp="2026-06-08T01:00:42.497565+00:00" hostname="agent-env-714d0ff5-a5e1-492b-b6d3-dcdd77efdaf7"><testcase classname="backend.tests.test_github_upload_and_seo.TestGitHubUpload" name="test_upload_png_and_fetch_via_proxy" time="2.169" /><testcase classname="backend.tests.test_github_upload_and_seo.TestGitHubUpload" name="test_upload_requires_auth" time="0.165" /><testcase classname="backend.tests.test_github_upload_and_seo.TestGitHubUpload" name="test_upload_rejects_bad_folder" time="0.173" /><testcase classname="backend.tests.test_github_upload_and_seo.TestGitHubUpload" name="test_media_path_traversal_blocked" time="0.182" /></testsuite></testsuites>