<?xml version="1.0" encoding="utf-8"?><testsuites name="pytest tests"><testsuite name="pytest" errors="0" failures="0" skipped="0" tests="40" time="16.317" timestamp="2026-06-08T04:05:51.722863+00:00" hostname="agent-env-714d0ff5-a5e1-492b-b6d3-dcdd77efdaf7"><testcase classname="backend.tests.test_iteration8_regression.TestPublic" name="test_health" time="1.641" /><testcase classname="backend.tests.test_iteration8_regression.TestPublic" name="test_root" time="0.361" /><testcase classname="backend.tests.test_iteration8_regression.TestPublic" name="test_public_collections[/api/posts]" time="0.055" /><testcase classname="backend.tests.test_iteration8_regression.TestPublic" name="test_public_collections[/api/case-studies]" time="0.052" /><testcase classname="backend.tests.test_iteration8_regression.TestPublic" name="test_public_collections[/api/team]" time="0.063" /><testcase classname="backend.tests.test_iteration8_regression.TestPublic" name="test_public_collections[/api/videos]" time="0.057" /><testcase classname="backend.tests.test_iteration8_regression.TestPublic" name="test_public_collections[/api/works]" time="0.066" /><testcase classname="backend.tests.test_iteration8_regression.TestPublic" name="test_public_collections[/api/site-settings]" time="0.052" /><testcase classname="backend.tests.test_iteration8_regression.TestLeadCreate" name="test_create_lead_and_persisted" time="0.983" /><testcase classname="backend.tests.test_iteration8_regression.TestAdminAuth" name="test_login_returns_token" time="0.465" /><testcase classname="backend.tests.test_iteration8_regression.TestAdminAuth" name="test_login_invalid" time="0.437" /><testcase classname="backend.tests.test_iteration8_regression.TestAdminAuth" name="test_email_status" time="0.225" /><testcase classname="backend.tests.test_iteration8_regression.TestAdminAuth" name="test_forgot_password_json_parses" time="0.060" /><testcase classname="backend.tests.test_iteration8_regression.TestAdminAuth" name="test_change_password_wrong_current" time="0.635" /><testcase classname="backend.tests.test_iteration8_regression.TestAdminGuardedReads" name="test_requires_auth[/api/admin/stats]" time="0.053" /><testcase classname="backend.tests.test_iteration8_regression.TestAdminGuardedReads" name="test_requires_auth[/api/admin/leads]" time="0.063" /><testcase classname="backend.tests.test_iteration8_regression.TestAdminGuardedReads" name="test_requires_auth[/api/admin/posts]" time="0.053" /><testcase classname="backend.tests.test_iteration8_regression.TestAdminGuardedReads" name="test_requires_auth[/api/admin/case-studies]" time="0.048" /><testcase classname="backend.tests.test_iteration8_regression.TestAdminGuardedReads" name="test_requires_auth[/api/admin/team]" time="0.077" /><testcase classname="backend.tests.test_iteration8_regression.TestAdminGuardedReads" name="test_requires_auth[/api/admin/videos]" time="0.053" /><testcase classname="backend.tests.test_iteration8_regression.TestAdminGuardedReads" name="test_requires_auth[/api/admin/invoices]" time="0.053" /><testcase classname="backend.tests.test_iteration8_regression.TestAdminGuardedReads" name="test_requires_auth[/api/admin/email-status]" time="0.056" /><testcase classname="backend.tests.test_iteration8_regression.TestAdminGuardedReads" name="test_admin_get_ok[/api/admin/stats]" time="0.254" /><testcase classname="backend.tests.test_iteration8_regression.TestAdminGuardedReads" name="test_admin_get_ok[/api/admin/leads]" time="0.209" /><testcase classname="backend.tests.test_iteration8_regression.TestAdminGuardedReads" name="test_admin_get_ok[/api/admin/posts]" time="0.197" /><testcase classname="backend.tests.test_iteration8_regression.TestAdminGuardedReads" name="test_admin_get_ok[/api/admin/case-studies]" time="0.219" /><testcase classname="backend.tests.test_iteration8_regression.TestAdminGuardedReads" name="test_admin_get_ok[/api/admin/team]" time="0.204" /><testcase classname="backend.tests.test_iteration8_regression.TestAdminGuardedReads" name="test_admin_get_ok[/api/admin/videos]" time="0.259" /><testcase classname="backend.tests.test_iteration8_regression.TestAdminGuardedReads" name="test_admin_get_ok[/api/admin/invoices]" time="0.195" /><testcase classname="backend.tests.test_iteration8_regression.TestAdminGuardedReads" name="test_admin_get_ok[/api/admin/email-status]" time="0.194" /><testcase classname="backend.tests.test_iteration8_regression.TestAdminGuardedReads" name="test_stats_shape" time="0.184" /><testcase classname="backend.tests.test_iteration8_regression.TestPostsCRUD" name="test_post_crud_with_slug_uniqueness_and_publish" time="1.169" /><testcase classname="backend.tests.test_iteration8_regression.TestCaseStudiesCRUD" name="test_crud" time="0.610" /><testcase classname="backend.tests.test_iteration8_regression.TestTeamCRUD" name="test_crud" time="0.562" /><testcase classname="backend.tests.test_iteration8_regression.TestVideosCRUD" name="test_youtube_id_extraction" time="0.406" /><testcase classname="backend.tests.test_iteration8_regression.TestInvoicesFullFlow" name="test_create_public_pdf_checkout" time="2.138" /><testcase classname="backend.tests.test_iteration8_regression.TestTranslate" name="test_translate_de" time="1.447" /><testcase classname="backend.tests.test_iteration8_regression.TestTranslate" name="test_translate_requires_auth" time="0.053" /><testcase classname="backend.tests.test_iteration8_regression.TestMedia" name="test_upload_and_fetch" time="1.445" /><testcase classname="backend.tests.test_iteration8_regression.TestMedia" name="test_upload_requires_auth" time="0.050" /></testsuite></testsuites>