<?xml version="1.0" encoding="utf-8"?><testsuites name="pytest tests"><testsuite name="pytest" errors="0" failures="0" skipped="0" tests="19" time="8.769" timestamp="2026-06-07T16:52:10.554591+00:00" hostname="agent-env-714d0ff5-a5e1-492b-b6d3-dcdd77efdaf7"><testcase classname="backend.tests.test_mir_invoices_i18n" name="test_email_status_unconfigured" time="1.404" /><testcase classname="backend.tests.test_mir_invoices_i18n" name="test_email_status_requires_auth" time="0.233" /><testcase classname="backend.tests.test_mir_invoices_i18n" name="test_invoice_create_and_compute_totals" time="0.257" /><testcase classname="backend.tests.test_mir_invoices_i18n" name="test_invoice_number_monotonic" time="0.427" /><testcase classname="backend.tests.test_mir_invoices_i18n" name="test_invoice_get_by_id" time="0.233" /><testcase classname="backend.tests.test_mir_invoices_i18n" name="test_invoice_get_404" time="0.181" /><testcase classname="backend.tests.test_mir_invoices_i18n" name="test_invoice_list_filters" time="0.289" /><testcase classname="backend.tests.test_mir_invoices_i18n" name="test_invoice_update_recomputes_and_paid_at" time="0.139" /><testcase classname="backend.tests.test_mir_invoices_i18n" name="test_invoice_pdf_download" time="0.167" /><testcase classname="backend.tests.test_mir_invoices_i18n" name="test_invoice_pdf_all_currencies" time="0.399" /><testcase classname="backend.tests.test_mir_invoices_i18n" name="test_invoice_send_unconfigured_smtp" time="0.174" /><testcase classname="backend.tests.test_mir_invoices_i18n" name="test_invoice_send_missing_email" time="0.483" /><testcase classname="backend.tests.test_mir_invoices_i18n" name="test_public_invoice_json" time="0.171" /><testcase classname="backend.tests.test_mir_invoices_i18n" name="test_public_invoice_unknown_token" time="0.167" /><testcase classname="backend.tests.test_mir_invoices_i18n" name="test_public_invoice_pdf_inline" time="0.202" /><testcase classname="backend.tests.test_mir_invoices_i18n" name="test_invoices_routes_require_auth" time="1.510" /><testcase classname="backend.tests.test_mir_invoices_i18n" name="test_admin_stats_invoice_counters" time="0.143" /><testcase classname="backend.tests.test_mir_invoices_i18n" name="test_create_lead_with_smtp_unconfigured" time="0.145" /><testcase classname="backend.tests.test_mir_invoices_i18n" name="test_zz_cleanup" time="0.849" /></testsuite></testsuites>