<?xml version="1.0" encoding="utf-8"?><testsuites name="pytest tests"><testsuite name="pytest" errors="0" failures="0" skipped="0" tests="27" time="7.222" timestamp="2026-06-07T16:21:46.348675+00:00" hostname="agent-env-714d0ff5-a5e1-492b-b6d3-dcdd77efdaf7"><testcase classname="backend.tests.test_mir_api_v2" name="test_health" time="0.445" /><testcase classname="backend.tests.test_mir_api_v2" name="test_root" time="0.054" /><testcase classname="backend.tests.test_mir_api_v2" name="test_create_lead_valid" time="0.097" /><testcase classname="backend.tests.test_mir_api_v2" name="test_create_lead_short_message" time="0.060" /><testcase classname="backend.tests.test_mir_api_v2" name="test_create_lead_missing_fields" time="0.060" /><testcase classname="backend.tests.test_mir_api_v2" name="test_admin_login_wrong_password" time="0.055" /><testcase classname="backend.tests.test_mir_api_v2" name="test_admin_login_no_auth_leads" time="0.199" /><testcase classname="backend.tests.test_mir_api_v2" name="test_admin_leads_list" time="0.288" /><testcase classname="backend.tests.test_mir_api_v2" name="test_admin_leads_filter_status" time="0.198" /><testcase classname="backend.tests.test_mir_api_v2" name="test_admin_leads_filter_q" time="0.202" /><testcase classname="backend.tests.test_mir_api_v2" name="test_admin_lead_update_status_and_notes" time="0.458" /><testcase classname="backend.tests.test_mir_api_v2" name="test_admin_stats" time="0.226" /><testcase classname="backend.tests.test_mir_api_v2" name="test_post_create" time="0.236" /><testcase classname="backend.tests.test_mir_api_v2" name="test_post_slug_uniqueness" time="0.252" /><testcase classname="backend.tests.test_mir_api_v2" name="test_post_publish_via_update" time="0.239" /><testcase classname="backend.tests.test_mir_api_v2" name="test_public_posts_only_published" time="0.079" /><testcase classname="backend.tests.test_mir_api_v2" name="test_public_post_by_slug" time="0.233" /><testcase classname="backend.tests.test_mir_api_v2" name="test_public_post_draft_404" time="0.246" /><testcase classname="backend.tests.test_mir_api_v2" name="test_admin_posts_list_contains_drafts" time="0.170" /><testcase classname="backend.tests.test_mir_api_v2" name="test_post_delete" time="0.867" /><testcase classname="backend.tests.test_mir_api_v2" name="test_case_study_create_and_publish" time="0.188" /><testcase classname="backend.tests.test_mir_api_v2" name="test_public_case_studies_list" time="0.068" /><testcase classname="backend.tests.test_mir_api_v2" name="test_public_case_study_detail" time="0.071" /><testcase classname="backend.tests.test_mir_api_v2" name="test_case_study_update_and_delete" time="0.606" /><testcase classname="backend.tests.test_mir_api_v2" name="test_lead_delete" time="0.366" /><testcase classname="backend.tests.test_mir_api_v2" name="test_zz_rate_limit_leads" time="0.404" /><testcase classname="backend.tests.test_mir_api_v2" name="test_zz_rate_limit_admin_login" time="0.470" /></testsuite></testsuites>