<?xml version="1.0" encoding="utf-8"?><testsuites name="pytest tests"><testsuite name="pytest" errors="0" failures="0" skipped="0" tests="12" time="12.564" timestamp="2026-06-08T01:31:32.415789+00:00" hostname="agent-env-714d0ff5-a5e1-492b-b6d3-dcdd77efdaf7"><testcase classname="backend.tests.test_iteration7_stripe_translate.TestPublicInvoice" name="test_public_get_invoice_no_auth" time="4.030" /><testcase classname="backend.tests.test_iteration7_stripe_translate.TestPublicInvoice" name="test_public_pdf_no_auth" time="0.218" /><testcase classname="backend.tests.test_iteration7_stripe_translate.TestStripeCheckout" name="test_create_checkout_session" time="1.047" /><testcase classname="backend.tests.test_iteration7_stripe_translate.TestStripeCheckout" name="test_checkout_session_status" time="0.412" /><testcase classname="backend.tests.test_iteration7_stripe_translate.TestStripeCheckout" name="test_checkout_status_idempotent" time="0.712" /><testcase classname="backend.tests.test_iteration7_stripe_translate.TestStripeCheckout" name="test_checkout_bad_token" time="0.187" /><testcase classname="backend.tests.test_iteration7_stripe_translate.TestAdminTranslate" name="test_translate_requires_auth" time="0.190" /><testcase classname="backend.tests.test_iteration7_stripe_translate.TestAdminTranslate" name="test_translate_to_de" time="1.614" /><testcase classname="backend.tests.test_iteration7_stripe_translate.TestAdminTranslate" name="test_translate_to_es" time="1.164" /><testcase classname="backend.tests.test_iteration7_stripe_translate.TestAdminTranslate" name="test_translate_to_en" time="0.806" /><testcase classname="backend.tests.test_iteration7_stripe_translate.TestAdminTranslate" name="test_translate_empty_text" time="0.206" /><testcase classname="backend.tests.test_iteration7_stripe_translate.TestGithubMediaRegression" name="test_upload_and_fetch_png" time="1.342" /></testsuite></testsuites>