<?xml version="1.0" encoding="utf-8"?><testsuites name="pytest tests"><testsuite name="pytest" errors="0" failures="0" skipped="0" tests="20" time="15.839" timestamp="2026-06-08T00:19:08.762224+00:00" hostname="agent-env-714d0ff5-a5e1-492b-b6d3-dcdd77efdaf7"><testcase classname="tests.test_iteration5_new_features.TestTeam" name="test_public_team_list" time="0.468" /><testcase classname="tests.test_iteration5_new_features.TestTeam" name="test_admin_team_requires_auth" time="0.248" /><testcase classname="tests.test_iteration5_new_features.TestTeam" name="test_admin_team_crud" time="4.368" /><testcase classname="tests.test_iteration5_new_features.TestVideos" name="test_create_video_valid" time="0.264" /><testcase classname="tests.test_iteration5_new_features.TestVideos" name="test_create_video_invalid_url" time="0.234" /><testcase classname="tests.test_iteration5_new_features.TestVideos" name="test_public_videos_only_published" time="0.241" /><testcase classname="tests.test_iteration5_new_features.TestVideos" name="test_get_video_by_slug" time="0.220" /><testcase classname="tests.test_iteration5_new_features.TestVideos" name="test_delete_video" time="0.278" /><testcase classname="tests.test_iteration5_new_features.TestWorks" name="test_works_returns_list" time="0.229" /><testcase classname="tests.test_iteration5_new_features.TestWorks" name="test_works_filter_videos" time="0.237" /><testcase classname="tests.test_iteration5_new_features.TestSiteSettings" name="test_get_public" time="0.339" /><testcase classname="tests.test_iteration5_new_features.TestSiteSettings" name="test_put_requires_auth" time="0.245" /><testcase classname="tests.test_iteration5_new_features.TestSiteSettings" name="test_put_roundtrip" time="0.701" /><testcase classname="tests.test_iteration5_new_features.TestMediaUpload" name="test_upload_disallowed_folder" time="0.239" /><testcase classname="tests.test_iteration5_new_features.TestMediaUpload" name="test_upload_too_large" time="0.859" /><testcase classname="tests.test_iteration5_new_features.TestMediaUpload" name="test_upload_with_readonly_pat_returns_502" time="0.652" /><testcase classname="tests.test_iteration5_new_features.TestLeadsCSV" name="test_csv_requires_auth" time="0.242" /><testcase classname="tests.test_iteration5_new_features.TestLeadsCSV" name="test_csv_export" time="0.264" /><testcase classname="tests.test_iteration5_new_features.TestRegression" name="test_login_invalid" time="2.812" /><testcase classname="tests.test_iteration5_new_features.TestRegression" name="test_admin_endpoints" time="1.474" /></testsuite></testsuites>